{"/Users/user/code/Backend/node-tutorial/cli_test/CLI/libs/file.js": {"path":"/Users/user/code/Backend/node-tutorial/cli_test/CLI/libs/file.js","all":false,"statementMap":{"0":{"start":{"line":1,"column":0},"end":{"line":1,"column":20}},"1":{"start":{"line":2,"column":0},"end":{"line":2,"column":0}},"2":{"start":{"line":3,"column":0},"end":{"line":3,"column":51}},"3":{"start":{"line":4,"column":0},"end":{"line":4,"column":57}},"4":{"start":{"line":5,"column":0},"end":{"line":5,"column":21}},"5":{"start":{"line":6,"column":0},"end":{"line":6,"column":2}},"6":{"start":{"line":7,"column":0},"end":{"line":7,"column":0}},"7":{"start":{"line":8,"column":0},"end":{"line":8,"column":54}},"8":{"start":{"line":9,"column":0},"end":{"line":9,"column":44}},"9":{"start":{"line":10,"column":0},"end":{"line":10,"column":2}}},"s":{"0":1,"1":1,"2":1,"3":1,"4":1,"5":1,"6":1,"7":1,"8":0,"9":0},"branchMap":{"0":{"type":"branch","line":3,"loc":{"start":{"line":3,"column":36},"end":{"line":6,"column":2}},"locations":[{"start":{"line":3,"column":36},"end":{"line":6,"column":2}}]}},"b":{"0":[1]},"fnMap":{"0":{"name":"readMarkdownFileSync","decl":{"start":{"line":3,"column":36},"end":{"line":6,"column":2}},"loc":{"start":{"line":3,"column":36},"end":{"line":6,"column":2}},"line":3},"1":{"name":"writeHtmlFileSync","decl":{"start":{"line":8,"column":33},"end":{"line":10,"column":2}},"loc":{"start":{"line":8,"column":33},"end":{"line":10,"column":2}},"line":8}},"f":{"0":1,"1":0}}
,"/Users/user/code/Backend/node-tutorial/cli_test/CLI/tests/libs/dirname.cjs": {"path":"/Users/user/code/Backend/node-tutorial/cli_test/CLI/tests/libs/dirname.cjs","all":false,"statementMap":{"0":{"start":{"line":1,"column":0},"end":{"line":1,"column":27}}},"s":{"0":1},"branchMap":{"0":{"type":"branch","line":1,"loc":{"start":{"line":1,"column":0},"end":{"line":1,"column":27}},"locations":[{"start":{"line":1,"column":0},"end":{"line":1,"column":27}}]},"1":{"type":"branch","line":1,"loc":{"start":{"line":1,"column":0},"end":{"line":1,"column":27}},"locations":[{"start":{"line":1,"column":0},"end":{"line":1,"column":27}}]}},"b":{"0":[1],"1":[1]},"fnMap":{"0":{"name":"Object.<anonymous>","decl":{"start":{"line":1,"column":0},"end":{"line":1,"column":27}},"loc":{"start":{"line":1,"column":0},"end":{"line":1,"column":27}},"line":1}},"f":{"0":1}}
}
